[cloudera@quickstart hive_project]$ hive -f topCountry_bars_stripsFlags.hql

Logging initialized using configuration in file:/etc/hive/conf.dist/hive-log4j.properties
OK
Time taken: 0.873 seconds
OK
Time taken: 0.45 seconds
OK
Time taken: 0.236 seconds
OK
Time taken: 0.676 seconds
Query ID = cloudera_20200314112828_dc211b7d-d118-4ef4-aacc-a17e52eefd7f
Total jobs = 2
Launching Job 1 out of 2
Number of reduce tasks not specified. Estimated from input data size: 1
In order to change the average load for a reducer (in bytes):
  set hive.exec.reducers.bytes.per.reducer=<number>
In order to limit the maximum number of reducers:
  set hive.exec.reducers.max=<number>
In order to set a constant number of reducers:
  set mapreduce.job.reduces=<number>
Starting Job = job_1581487397453_0116, Tracking URL = http://quickstart.cloudera:8088/proxy/application_1581487397453_0116/
Kill Command = /usr/lib/hadoop/bin/hadoop job  -kill job_1581487397453_0116
Hadoop job information for Stage-1: number of mappers: 1; number of reducers: 1
2020-03-14 11:28:45,115 Stage-1 map = 0%,  reduce = 0%
2020-03-14 11:28:58,411 Stage-1 map = 100%,  reduce = 0%, Cumulative CPU 2.2 sec
2020-03-14 11:29:11,612 Stage-1 map = 100%,  reduce = 100%, Cumulative CPU 4.75 sec
MapReduce Total cumulative CPU time: 4 seconds 750 msec
Ended Job = job_1581487397453_0116
Launching Job 2 out of 2
Number of reduce tasks determined at compile time: 1
In order to change the average load for a reducer (in bytes):
  set hive.exec.reducers.bytes.per.reducer=<number>
In order to limit the maximum number of reducers:
  set hive.exec.reducers.max=<number>
In order to set a constant number of reducers:
  set mapreduce.job.reduces=<number>
Starting Job = job_1581487397453_0117, Tracking URL = http://quickstart.cloudera:8088/proxy/application_1581487397453_0117/
Kill Command = /usr/lib/hadoop/bin/hadoop job  -kill job_1581487397453_0117
Hadoop job information for Stage-2: number of mappers: 1; number of reducers: 1
2020-03-14 11:29:30,324 Stage-2 map = 0%,  reduce = 0%
2020-03-14 11:29:44,336 Stage-2 map = 100%,  reduce = 0%, Cumulative CPU 2.14 sec
2020-03-14 11:30:00,767 Stage-2 map = 100%,  reduce = 100%, Cumulative CPU 5.21 sec
MapReduce Total cumulative CPU time: 5 seconds 210 msec
Ended Job = job_1581487397453_0117
Moving data to: hdfs://quickstart.cloudera:8020/user/hive/warehouse/hive_project.db/topcountry_bars_stripsflags
Table hive_project.topcountry_bars_stripsflags stats: [numFiles=1, numRows=5, totalSize=396, rawDataSize=0]
MapReduce Jobs Launched: 
Stage-Stage-1: Map: 1  Reduce: 1   Cumulative CPU: 4.75 sec   HDFS Read: 25458 HDFS Write: 5630 SUCCESS
Stage-Stage-2: Map: 1  Reduce: 1   Cumulative CPU: 5.21 sec   HDFS Read: 11186 HDFS Write: 475 SUCCESS
Total MapReduce CPU Time Spent: 9 seconds 960 msec
OK
country	nobars	nostripes
Time taken: 101.189 seconds
OK
topcountry_bars_stripsflags.country	topcountry_bars_stripsflags.nobars	topcountry_bars_stripsflags.nostripes
St-Vincent	5	0
Barbados	3	0
Cameroon	3	0
French-Guiana	3	0
France	3	0
Time taken: 0.154 seconds, Fetched: 5 row(s)
WARN: The method class org.apache.commons.logging.impl.SLF4JLogFactory#release() was invoked.
WARN: Please see http://www.slf4j.org/codes.html#release for an explanation.
